[TRACE] 19:03:59:150 PLANNER/(6229:6229): Hola €²
[TRACE] 19:04:22:21 PLANNER/(6281:6281): Hola Dante
[TRACE] 20:33:43:725 PLANNER/(10117:10123): [READY_FOR_CONNECTIONS]
[TRACE] 20:33:43:731 PLANNER/(10117:10123): [SAYING_HI_TO_COORDINATOR]
[TRACE] 20:33:43:731 PLANNER/(10117:10123): [COORDINATOR_SAYS_HI]
[TRACE] 20:34:45:339 PLANNER/(10117:10123): [INCOMING_CONNECTION]
[TRACE] 20:34:45:342 PLANNER/(10117:10123): [NEW_ESI_CONNECTION]
[TRACE] 20:34:45:342 PLANNER/(10117:10123): [ASSIGNED_ID_0]
[TRACE] 20:34:47:739 PLANNER/(10117:10122): [ESI_WILL_EXECUTE][0]
[TRACE] 20:34:47:779 PLANNER/(10117:10123): [COORDINATOR_ASKS_FOR_PERMISSION_TO_EXECUTE]
[TRACE] 20:34:47:779 PLANNER/(10117:10123): [ALLOW_OPERATION]
[TRACE] 20:34:47:779 PLANNER/(10117:10123): [CURRENT_INSTRUCTION_SUCCESSFULLY_EXECUTED]
[TRACE] 20:34:47:819 PLANNER/(10117:10123): [INCOMMING_RESOURCE_ALLOCATION]
[TRACE] 20:34:47:819 PLANNER/(10117:10123): [BLOCKED_KEY][robbie:williams][ESI_0]
[TRACE] 20:34:51:740 PLANNER/(10117:10122): [ESI_WILL_EXECUTE][0]
[TRACE] 20:34:51:741 PLANNER/(10117:10123): [COORDINATOR_ASKS_FOR_PERMISSION_TO_EXECUTE]
[TRACE] 20:34:51:741 PLANNER/(10117:10123): [ALLOW_OPERATION]
[TRACE] 20:34:51:741 PLANNER/(10117:10123): [CURRENT_INSTRUCTION_SUCCESSFULLY_EXECUTED]
[TRACE] 20:34:55:742 PLANNER/(10117:10122): [ESI_WILL_EXECUTE][0]
[TRACE] 20:34:55:742 PLANNER/(10117:10123): [COORDINATOR_ASKS_FOR_PERMISSION_TO_EXECUTE]
[TRACE] 20:34:55:742 PLANNER/(10117:10123): [ALLOW_OPERATION]
[TRACE] 20:34:55:779 PLANNER/(10117:10123): [CURRENT_INSTRUCTION_SUCCESSFULLY_EXECUTED]
[TRACE] 20:34:59:743 PLANNER/(10117:10122): [ESI_WILL_EXECUTE][0]
[TRACE] 20:34:59:743 PLANNER/(10117:10123): [COORDINATOR_ASKS_FOR_PERMISSION_TO_EXECUTE]
[TRACE] 20:34:59:743 PLANNER/(10117:10123): [ALLOW_OPERATION]
[TRACE] 20:34:59:783 PLANNER/(10117:10123): [CURRENT_INSTRUCTION_SUCCESSFULLY_EXECUTED]
[TRACE] 20:35:03:744 PLANNER/(10117:10122): [ESI_WILL_EXECUTE][0]
[TRACE] 20:35:03:744 PLANNER/(10117:10123): [COORDINATOR_ASKS_FOR_PERMISSION_TO_EXECUTE]
[TRACE] 20:35:03:744 PLANNER/(10117:10123): [ALLOW_OPERATION]
[TRACE] 20:35:03:804 PLANNER/(10117:10123): [CURRENT_INSTRUCTION_SUCCESSFULLY_EXECUTED]
[TRACE] 20:35:03:843 PLANNER/(10117:10123): [INCOMMING_RESOURCE_ALLOCATION]
[TRACE] 20:35:03:843 PLANNER/(10117:10123): [RELEASED_KEY][robbie:williams][ESI_0]
[TRACE] 20:35:07:745 PLANNER/(10117:10122): [ESI_WILL_EXECUTE][0]
[TRACE] 20:35:07:745 PLANNER/(10117:10123): [ESI_SAYS_ITS_DONE]
[TRACE] 20:35:07:783 PLANNER/(10117:10123): [ESI_ID_0]
[TRACE] 20:35:13:997 PLANNER/(10117:10123): [SOCKET_DISCONNECTED]
[TRACE] 20:20:30:700 PLANNER/(4134:4140): [READY_FOR_CONNECTIONS]
[TRACE] 20:20:30:700 PLANNER/(4134:4140): [SAYING_HI_TO_COORDINATOR]
[TRACE] 20:20:30:700 PLANNER/(4134:4140): [COORDINATOR_SAYS_HI]
[TRACE] 20:20:50:337 PLANNER/(4134:4140): [INCOMING_CONNECTION]
[TRACE] 20:20:50:344 PLANNER/(4134:4140): [NEW_ESI_CONNECTION]
[TRACE] 20:20:50:344 PLANNER/(4134:4140): [ASSIGNED_ID_0]
[TRACE] 20:20:50:703 PLANNER/(4134:4139): [ESI_WILL_EXECUTE][0]
[TRACE] 20:20:50:743 PLANNER/(4134:4140): [COORDINATOR_ASKS_FOR_PERMISSION_TO_EXECUTE]
[TRACE] 20:20:50:743 PLANNER/(4134:4140): [ALLOW_OPERATION]
[TRACE] 20:20:50:743 PLANNER/(4134:4140): [CURRENT_INSTRUCTION_SUCCESSFULLY_EXECUTED]
[TRACE] 20:20:50:782 PLANNER/(4134:4140): [INCOMMING_RESOURCE_ALLOCATION]
[TRACE] 20:20:50:783 PLANNER/(4134:4140): [BLOCKED_KEY][robbie:williams][ESI_0]
[TRACE] 20:20:54:704 PLANNER/(4134:4139): [ESI_WILL_EXECUTE][0]
[TRACE] 20:20:54:706 PLANNER/(4134:4140): [COORDINATOR_ASKS_FOR_PERMISSION_TO_EXECUTE]
[TRACE] 20:20:54:706 PLANNER/(4134:4140): [ALLOW_OPERATION]
[TRACE] 20:20:54:707 PLANNER/(4134:4140): [CURRENT_INSTRUCTION_SUCCESSFULLY_EXECUTED]
[TRACE] 20:20:58:708 PLANNER/(4134:4139): [ESI_WILL_EXECUTE][0]
[TRACE] 20:20:58:708 PLANNER/(4134:4140): [COORDINATOR_ASKS_FOR_PERMISSION_TO_EXECUTE]
[TRACE] 20:20:58:708 PLANNER/(4134:4140): [ALLOW_OPERATION]
[TRACE] 20:20:58:747 PLANNER/(4134:4140): [CURRENT_INSTRUCTION_SUCCESSFULLY_EXECUTED]
[TRACE] 20:21:02:709 PLANNER/(4134:4139): [ESI_WILL_EXECUTE][0]
[TRACE] 20:21:02:710 PLANNER/(4134:4140): [COORDINATOR_ASKS_FOR_PERMISSION_TO_EXECUTE]
[TRACE] 20:21:02:710 PLANNER/(4134:4140): [ALLOW_OPERATION]
[TRACE] 20:21:02:747 PLANNER/(4134:4140): [CURRENT_INSTRUCTION_SUCCESSFULLY_EXECUTED]
[TRACE] 20:21:06:712 PLANNER/(4134:4139): [ESI_WILL_EXECUTE][0]
[TRACE] 20:21:06:712 PLANNER/(4134:4140): [COORDINATOR_ASKS_FOR_PERMISSION_TO_EXECUTE]
[TRACE] 20:21:06:712 PLANNER/(4134:4140): [ALLOW_OPERATION]
[TRACE] 20:21:06:766 PLANNER/(4134:4140): [CURRENT_INSTRUCTION_SUCCESSFULLY_EXECUTED]
[TRACE] 20:21:06:803 PLANNER/(4134:4140): [INCOMMING_RESOURCE_ALLOCATION]
[TRACE] 20:21:06:803 PLANNER/(4134:4140): [RELEASED_KEY][robbie:williams][ESI_0]
[TRACE] 20:21:10:716 PLANNER/(4134:4139): [ESI_WILL_EXECUTE][0]
[TRACE] 20:21:10:716 PLANNER/(4134:4140): [ESI_SAYS_ITS_DONE]
[TRACE] 20:21:10:755 PLANNER/(4134:4140): [ESI_ID_0]
[TRACE] 20:22:01:219 PLANNER/(4244:4250): [READY_FOR_CONNECTIONS]
[TRACE] 20:22:01:219 PLANNER/(4244:4250): [SAYING_HI_TO_COORDINATOR]
[TRACE] 20:22:01:219 PLANNER/(4244:4250): [COORDINATOR_SAYS_HI]
[TRACE] 20:22:06:101 PLANNER/(4244:4250): [INCOMING_CONNECTION]
[TRACE] 20:22:06:102 PLANNER/(4244:4250): [NEW_ESI_CONNECTION]
[TRACE] 20:22:06:102 PLANNER/(4244:4250): [ASSIGNED_ID_0]
[TRACE] 20:22:09:219 PLANNER/(4244:4249): [ESI_WILL_EXECUTE][0]
[TRACE] 20:22:09:259 PLANNER/(4244:4250): [COORDINATOR_ASKS_FOR_PERMISSION_TO_EXECUTE]
[TRACE] 20:22:09:259 PLANNER/(4244:4250): [ALLOW_OPERATION]
[TRACE] 20:22:09:259 PLANNER/(4244:4250): [CURRENT_INSTRUCTION_SUCCESSFULLY_EXECUTED]
[TRACE] 20:22:09:299 PLANNER/(4244:4250): [INCOMMING_RESOURCE_ALLOCATION]
[TRACE] 20:22:09:299 PLANNER/(4244:4250): [BLOCKED_KEY][futbol:messi][ESI_0]
[TRACE] 20:22:13:220 PLANNER/(4244:4249): [ESI_WILL_EXECUTE][0]
[TRACE] 20:22:13:221 PLANNER/(4244:4250): [COORDINATOR_ASKS_FOR_PERMISSION_TO_EXECUTE]
[TRACE] 20:22:13:221 PLANNER/(4244:4250): [ALLOW_OPERATION]
[TRACE] 20:22:13:221 PLANNER/(4244:4250): [CURRENT_INSTRUCTION_SUCCESSFULLY_EXECUTED]
[TRACE] 20:22:17:222 PLANNER/(4244:4249): [ESI_WILL_EXECUTE][0]
[TRACE] 20:22:17:222 PLANNER/(4244:4250): [COORDINATOR_ASKS_FOR_PERMISSION_TO_EXECUTE]
[TRACE] 20:22:17:222 PLANNER/(4244:4250): [ALLOW_OPERATION]
[TRACE] 20:22:17:263 PLANNER/(4244:4250): [CURRENT_INSTRUCTION_SUCCESSFULLY_EXECUTED]
[TRACE] 20:22:21:222 PLANNER/(4244:4249): [ESI_WILL_EXECUTE][0]
[TRACE] 20:22:21:223 PLANNER/(4244:4250): [COORDINATOR_ASKS_FOR_PERMISSION_TO_EXECUTE]
[TRACE] 20:22:21:223 PLANNER/(4244:4250): [ALLOW_OPERATION]
[TRACE] 20:22:21:264 PLANNER/(4244:4250): [CURRENT_INSTRUCTION_SUCCESSFULLY_EXECUTED]
[TRACE] 20:22:25:224 PLANNER/(4244:4249): [ESI_WILL_EXECUTE][0]
[TRACE] 20:22:25:224 PLANNER/(4244:4250): [COORDINATOR_ASKS_FOR_PERMISSION_TO_EXECUTE]
[TRACE] 20:22:25:224 PLANNER/(4244:4250): [ALLOW_OPERATION]
[TRACE] 20:22:25:264 PLANNER/(4244:4250): [CURRENT_INSTRUCTION_SUCCESSFULLY_EXECUTED]
[TRACE] 20:22:25:303 PLANNER/(4244:4250): [INCOMMING_RESOURCE_ALLOCATION]
[TRACE] 20:22:25:303 PLANNER/(4244:4250): [RELEASED_KEY][futbol:messi][ESI_0]
[TRACE] 20:22:29:225 PLANNER/(4244:4249): [ESI_WILL_EXECUTE][0]
[TRACE] 20:22:29:225 PLANNER/(4244:4250): [ESI_SAYS_ITS_DONE]
[TRACE] 20:22:29:262 PLANNER/(4244:4250): [ESI_ID_0]
[TRACE] 20:28:37:57 PLANNER/(4244:4250): [SOCKET_DISCONNECTED]
[TRACE] 20:28:48:526 PLANNER/(4244:4250): [INCOMING_CONNECTION]
[TRACE] 20:28:48:527 PLANNER/(4244:4250): [NEW_ESI_CONNECTION]
[TRACE] 20:28:48:527 PLANNER/(4244:4250): [ASSIGNED_ID_1]
[TRACE] 20:28:49:302 PLANNER/(4244:4249): [ESI_WILL_EXECUTE][1]
[TRACE] 20:28:49:343 PLANNER/(4244:4250): [COORDINATOR_ASKS_FOR_PERMISSION_TO_EXECUTE]
[TRACE] 20:28:49:343 PLANNER/(4244:4250): [ALLOW_OPERATION]
[TRACE] 20:28:49:343 PLANNER/(4244:4250): [CURRENT_INSTRUCTION_SUCCESSFULLY_EXECUTED]
[TRACE] 20:28:49:382 PLANNER/(4244:4250): [INCOMMING_RESOURCE_ALLOCATION]
[TRACE] 20:28:49:382 PLANNER/(4244:4250): [BLOCKED_KEY][robbie:williams][ESI_1]
[TRACE] 20:28:53:303 PLANNER/(4244:4249): [ESI_WILL_EXECUTE][1]
[TRACE] 20:28:53:303 PLANNER/(4244:4250): [COORDINATOR_ASKS_FOR_PERMISSION_TO_EXECUTE]
[TRACE] 20:28:53:303 PLANNER/(4244:4250): [ALLOW_OPERATION]
[TRACE] 20:28:53:343 PLANNER/(4244:4250): [CURRENT_INSTRUCTION_SUCCESSFULLY_EXECUTED]
[TRACE] 20:28:57:304 PLANNER/(4244:4249): [ESI_WILL_EXECUTE][1]
[TRACE] 20:28:57:306 PLANNER/(4244:4250): [COORDINATOR_ASKS_FOR_PERMISSION_TO_EXECUTE]
[TRACE] 20:28:57:306 PLANNER/(4244:4250): [ALLOW_OPERATION]
[TRACE] 20:28:57:346 PLANNER/(4244:4250): [CURRENT_INSTRUCTION_SUCCESSFULLY_EXECUTED]
[TRACE] 20:29:01:307 PLANNER/(4244:4249): [ESI_WILL_EXECUTE][1]
[TRACE] 20:29:01:307 PLANNER/(4244:4250): [COORDINATOR_ASKS_FOR_PERMISSION_TO_EXECUTE]
[TRACE] 20:29:01:307 PLANNER/(4244:4250): [ALLOW_OPERATION]
[TRACE] 20:29:01:350 PLANNER/(4244:4250): [CURRENT_INSTRUCTION_SUCCESSFULLY_EXECUTED]
[TRACE] 20:29:05:311 PLANNER/(4244:4249): [ESI_WILL_EXECUTE][1]
[TRACE] 20:29:05:311 PLANNER/(4244:4250): [COORDINATOR_ASKS_FOR_PERMISSION_TO_EXECUTE]
[TRACE] 20:29:05:311 PLANNER/(4244:4250): [ALLOW_OPERATION]
[TRACE] 20:29:05:311 PLANNER/(4244:4250): [CURRENT_INSTRUCTION_SUCCESSFULLY_EXECUTED]
[TRACE] 20:29:05:350 PLANNER/(4244:4250): [INCOMMING_RESOURCE_ALLOCATION]
[TRACE] 20:29:05:350 PLANNER/(4244:4250): [BLOCKED_KEY][futbol:messi][ESI_1]
[TRACE] 20:29:09:312 PLANNER/(4244:4249): [ESI_WILL_EXECUTE][1]
[TRACE] 20:29:09:313 PLANNER/(4244:4250): [COORDINATOR_ASKS_FOR_PERMISSION_TO_EXECUTE]
[TRACE] 20:29:09:313 PLANNER/(4244:4250): [ALLOW_OPERATION]
[TRACE] 20:29:09:353 PLANNER/(4244:4250): [CURRENT_INSTRUCTION_SUCCESSFULLY_EXECUTED]
[TRACE] 20:29:09:390 PLANNER/(4244:4250): [INCOMMING_RESOURCE_ALLOCATION]
[TRACE] 20:29:09:391 PLANNER/(4244:4250): [RELEASED_KEY][robbie:williams][ESI_1]
[TRACE] 20:29:13:313 PLANNER/(4244:4249): [ESI_WILL_EXECUTE][1]
[TRACE] 20:29:13:314 PLANNER/(4244:4250): [ESI_SAYS_ITS_DONE]
[TRACE] 20:29:13:350 PLANNER/(4244:4250): [ESI_ID_1]
[TRACE] 20:29:16:180 PLANNER/(4244:4250): [SOCKET_DISCONNECTED]
[TRACE] 20:30:06:183 PLANNER/(4424:4431): [READY_FOR_CONNECTIONS]
[TRACE] 20:30:06:184 PLANNER/(4424:4431): [SAYING_HI_TO_COORDINATOR]
[TRACE] 20:30:06:184 PLANNER/(4424:4431): [COORDINATOR_SAYS_HI]
[TRACE] 20:30:09:349 PLANNER/(4424:4431): [INCOMING_CONNECTION]
[TRACE] 20:30:09:350 PLANNER/(4424:4431): [NEW_ESI_CONNECTION]
[TRACE] 20:30:09:350 PLANNER/(4424:4431): [ASSIGNED_ID_0]
[TRACE] 20:30:10:185 PLANNER/(4424:4430): [ESI_WILL_EXECUTE][0]
[TRACE] 20:30:10:223 PLANNER/(4424:4431): [COORDINATOR_ASKS_FOR_PERMISSION_TO_EXECUTE]
[TRACE] 20:30:10:223 PLANNER/(4424:4431): [ALLOW_OPERATION]
[TRACE] 20:30:10:223 PLANNER/(4424:4431): [CURRENT_INSTRUCTION_SUCCESSFULLY_EXECUTED]
[TRACE] 20:30:10:264 PLANNER/(4424:4431): [INCOMMING_RESOURCE_ALLOCATION]
[TRACE] 20:30:10:265 PLANNER/(4424:4431): [BLOCKED_KEY][robbie:williams][ESI_0]
[TRACE] 20:30:14:186 PLANNER/(4424:4430): [ESI_WILL_EXECUTE][0]
[TRACE] 20:30:14:186 PLANNER/(4424:4431): [COORDINATOR_ASKS_FOR_PERMISSION_TO_EXECUTE]
[TRACE] 20:30:14:186 PLANNER/(4424:4431): [ALLOW_OPERATION]
[TRACE] 20:30:14:187 PLANNER/(4424:4431): [CURRENT_INSTRUCTION_SUCCESSFULLY_EXECUTED]
[TRACE] 20:30:18:188 PLANNER/(4424:4430): [ESI_WILL_EXECUTE][0]
[TRACE] 20:30:18:188 PLANNER/(4424:4431): [COORDINATOR_ASKS_FOR_PERMISSION_TO_EXECUTE]
[TRACE] 20:30:18:188 PLANNER/(4424:4431): [ALLOW_OPERATION]
[TRACE] 20:30:18:228 PLANNER/(4424:4431): [CURRENT_INSTRUCTION_SUCCESSFULLY_EXECUTED]
[TRACE] 20:30:22:189 PLANNER/(4424:4430): [ESI_WILL_EXECUTE][0]
[TRACE] 20:30:22:190 PLANNER/(4424:4431): [COORDINATOR_ASKS_FOR_PERMISSION_TO_EXECUTE]
[TRACE] 20:30:22:190 PLANNER/(4424:4431): [ALLOW_OPERATION]
[TRACE] 20:30:22:227 PLANNER/(4424:4431): [CURRENT_INSTRUCTION_SUCCESSFULLY_EXECUTED]
[TRACE] 20:30:26:191 PLANNER/(4424:4430): [ESI_WILL_EXECUTE][0]
[TRACE] 20:30:26:191 PLANNER/(4424:4431): [COORDINATOR_ASKS_FOR_PERMISSION_TO_EXECUTE]
[TRACE] 20:30:26:191 PLANNER/(4424:4431): [ALLOW_OPERATION]
[TRACE] 20:30:26:232 PLANNER/(4424:4431): [CURRENT_INSTRUCTION_SUCCESSFULLY_EXECUTED]
[TRACE] 20:30:26:271 PLANNER/(4424:4431): [INCOMMING_RESOURCE_ALLOCATION]
[TRACE] 20:30:26:271 PLANNER/(4424:4431): [RELEASED_KEY][robbie:williams][ESI_0]
[TRACE] 20:30:30:191 PLANNER/(4424:4430): [ESI_WILL_EXECUTE][0]
[TRACE] 20:30:30:191 PLANNER/(4424:4431): [COORDINATOR_ASKS_FOR_PERMISSION_TO_EXECUTE]
[TRACE] 20:30:30:192 PLANNER/(4424:4431): [ALLOW_OPERATION]
[TRACE] 20:30:30:192 PLANNER/(4424:4431): [CURRENT_INSTRUCTION_SUCCESSFULLY_EXECUTED]
[TRACE] 20:30:30:230 PLANNER/(4424:4431): [INCOMMING_RESOURCE_ALLOCATION]
[TRACE] 20:30:30:230 PLANNER/(4424:4431): [BLOCKED_KEY][futbol:messi][ESI_0]
[TRACE] 20:30:34:192 PLANNER/(4424:4430): [ESI_WILL_EXECUTE][0]
[TRACE] 20:30:34:192 PLANNER/(4424:4431): [COORDINATOR_ASKS_FOR_PERMISSION_TO_EXECUTE]
[TRACE] 20:30:34:192 PLANNER/(4424:4431): [ALLOW_OPERATION]
[TRACE] 20:30:34:231 PLANNER/(4424:4431): [CURRENT_INSTRUCTION_SUCCESSFULLY_EXECUTED]
[TRACE] 20:30:38:193 PLANNER/(4424:4430): [ESI_WILL_EXECUTE][0]
[TRACE] 20:30:38:193 PLANNER/(4424:4431): [COORDINATOR_ASKS_FOR_PERMISSION_TO_EXECUTE]
[TRACE] 20:30:38:193 PLANNER/(4424:4431): [ALLOW_OPERATION]
[TRACE] 20:30:38:232 PLANNER/(4424:4431): [CURRENT_INSTRUCTION_SUCCESSFULLY_EXECUTED]
[TRACE] 20:30:38:271 PLANNER/(4424:4431): [INCOMMING_RESOURCE_ALLOCATION]
[TRACE] 20:30:38:271 PLANNER/(4424:4431): [RELEASED_KEY][futbol:messi][ESI_0]
[TRACE] 20:30:42:194 PLANNER/(4424:4430): [ESI_WILL_EXECUTE][0]
[TRACE] 20:30:42:194 PLANNER/(4424:4431): [ESI_SAYS_ITS_DONE]
[TRACE] 20:30:42:235 PLANNER/(4424:4431): [ESI_ID_0]
