[INFO] 23:27:59:742 ESI/(6181:6181):  CONECTADO EN: 4
[INFO] 23:27:59:742 ESI/(6181:6181): Envío saludo al coordinador
[ERROR] 23:58:19:715 ESI/(3773:3773):  ERROR AL CONECTAR CON EL PLANIFICADOR
[INFO] 23:58:39:657 ESI/(3823:3823):  CONECTADO EN: 4
[INFO] 00:06:33:85 ESI/(4492:4492):  CONECTADO EN: 4
[INFO] 16:35:36:565 ESI/(4190:4190):  CONECTADO EN: 4
[INFO] 16:35:36:566 ESI/(4190:4190): Envío saludo al planificador
[INFO] 16:37:30:214 ESI/(4335:4335):  CONECTADO EN: 4
[INFO] 16:37:30:214 ESI/(4335:4335): Envío saludo al planificador
[INFO] 16:40:14:55 ESI/(4511:4511):  CONECTADO EN: 4
[INFO] 16:40:14:57 ESI/(4511:4511): Envío saludo al planificador
[INFO] 16:43:12:606 ESI/(4697:4697):  CONECTADO EN: 4
[INFO] 16:43:12:607 ESI/(4697:4697): Envío saludo al planificador
[INFO] 16:43:57:853 ESI/(4780:4780):  CONECTADO EN: 4
[INFO] 16:43:57:878 ESI/(4780:4780): Envío saludo al planificador
[INFO] 16:43:57:880 ESI/(4780:4785): El PLANIFICADOR aceptó mi conexión
[INFO] 17:01:27:643 ESI/(3446:3446):  CONECTADO EN: 4
[INFO] 17:01:27:663 ESI/(3446:3446): Envío saludo al coordinador
[INFO] 17:01:27:663 ESI/(3446:3446):  CONECTADO EN: 5
[INFO] 17:01:27:664 ESI/(3446:3446): Envío saludo al planificador
[INFO] 17:01:27:664 ESI/(3446:3451): El PLANIFICADOR aceptó mi conexión
[INFO] 03:18:44:816 ESI/(4510:4510):  CONECTADO EN: 4
[INFO] 03:18:44:817 ESI/(4510:4510): Envío saludo al coordinador
[INFO] 03:18:44:818 ESI/(4510:4510):  CONECTADO EN: 5
[INFO] 03:18:44:818 ESI/(4510:4510): Envío saludo al planificador
[INFO] 03:18:44:819 ESI/(4510:4515): El PLANIFICADOR aceptó mi conexión
[INFO] 03:33:37:949 ESI/(5286:5286):  CONECTADO EN: 4
[INFO] 03:33:37:950 ESI/(5286:5286): Envío saludo al coordinador
[INFO] 03:33:37:950 ESI/(5286:5286):  CONECTADO EN: 5
[INFO] 03:33:37:950 ESI/(5286:5286): Envío saludo al planificador
[INFO] 03:33:37:969 ESI/(5286:5296): El PLANIFICADOR aceptó mi conexión
[INFO] 03:35:18:894 ESI/(5619:5619):  CONECTADO EN: 4
[INFO] 03:35:18:959 ESI/(5619:5619): Envío saludo al coordinador
[INFO] 03:35:18:959 ESI/(5619:5619):  CONECTADO EN: 5
[INFO] 03:35:18:959 ESI/(5619:5619): Envío saludo al planificador
[INFO] 03:35:19:57 ESI/(5619:5625): El COORDINADOR aceptó mi conexión
[INFO] 03:35:19:58 ESI/(5619:5624): El PLANIFICADOR aceptó mi conexión
[INFO] 19:32:42:586 ESI/(3972:3972):  CONECTADO EN: 4
[INFO] 19:32:42:587 ESI/(3972:3972): Envío saludo al coordinador
[INFO] 19:32:42:587 ESI/(3972:3972):  CONECTADO EN: 5
[INFO] 19:32:42:587 ESI/(3972:3972): Envío saludo al planificador
[INFO] 19:32:42:588 ESI/(3972:3978): El COORDINADOR aceptó mi conexión
[INFO] 19:32:42:588 ESI/(3972:3977): El PLANIFICADOR aceptó mi conexión
[INFO] 19:32:49:57 ESI/(4003:4003):  CONECTADO EN: 4
[INFO] 19:32:49:57 ESI/(4003:4003): Envío saludo al coordinador
[INFO] 19:32:49:58 ESI/(4003:4003):  CONECTADO EN: 5
[INFO] 19:32:49:58 ESI/(4003:4003): Envío saludo al planificador
[INFO] 19:32:49:58 ESI/(4003:4014): El COORDINADOR aceptó mi conexión
[INFO] 19:32:49:58 ESI/(4003:4013): El PLANIFICADOR aceptó mi conexión
[ERROR] 19:32:14:545 ESI/(4003:4014): [UNKOWN_MESSAGE_RECIEVED]
[ERROR] 19:32:14:545 ESI/(3972:3978): [UNKOWN_MESSAGE_RECIEVED]
[ERROR] 19:32:14:546 ESI/(3972:3978): [UNKOWN_MESSAGE_RECIEVED]
[ERROR] 19:32:14:546 ESI/(4003:4014): [UNKOWN_MESSAGE_RECIEVED]
[INFO] 21:47:17:393 ESI/(4666:4666):  CONECTADO EN: 4
[INFO] 21:47:17:394 ESI/(4666:4666): Envío saludo al coordinador
[INFO] 21:47:17:394 ESI/(4666:4666):  CONECTADO EN: 5
[INFO] 21:47:17:394 ESI/(4666:4666): Envío saludo al planificador
[INFO] 21:47:17:396 ESI/(4666:4672): El COORDINADOR aceptó mi conexión
[ERROR] 21:47:19:231 ESI/(4666:4671): [UNKOWN_MESSAGE_RECIEVED]
[ERROR] 21:47:19:232 ESI/(4666:4671): [UNKOWN_MESSAGE_RECIEVED]
[INFO] 21:49:08:589 ESI/(4832:4832):  CONECTADO EN: 4
[INFO] 21:49:08:590 ESI/(4832:4832): Envío saludo al coordinador
[INFO] 21:49:08:590 ESI/(4832:4832):  CONECTADO EN: 5
[INFO] 21:49:08:590 ESI/(4832:4832): Envío saludo al planificador
[INFO] 21:49:08:590 ESI/(4832:4838): El COORDINADOR aceptó mi conexión
[ERROR] 21:49:09:574 ESI/(4832:4837): [UNKOWN_MESSAGE_RECIEVED]
[ERROR] 21:49:09:574 ESI/(4832:4837): [UNKOWN_MESSAGE_RECIEVED]
[INFO] 21:53:26:837 ESI/(5289:5289):  CONECTADO EN: 4
[INFO] 21:53:26:914 ESI/(5289:5289): Envío saludo al coordinador
[INFO] 21:53:26:914 ESI/(5289:5289):  CONECTADO EN: 5
[INFO] 21:53:26:914 ESI/(5289:5289): Envío saludo al planificador
[INFO] 21:53:26:919 ESI/(5289:5295): El COORDINADOR aceptó mi conexión
[INFO] 21:53:26:919 ESI/(5289:5294): El PLANIFICADOR aceptó mi conexión
[ERROR] 21:53:28:310 ESI/(5289:5294): [UNKOWN_MESSAGE_RECIEVED]
[ERROR] 21:53:28:310 ESI/(5289:5294): [UNKOWN_MESSAGE_RECIEVED]
[INFO] 21:59:30:499 ESI/(5625:5625):  CONECTADO EN: 4
[INFO] 21:59:30:500 ESI/(5625:5625): Envío saludo al coordinador
[INFO] 21:59:30:501 ESI/(5625:5625):  CONECTADO EN: 5
[INFO] 21:59:30:501 ESI/(5625:5625): Envío saludo al planificador
[INFO] 21:59:30:505 ESI/(5625:5631): El COORDINADOR aceptó mi conexión
[INFO] 21:59:30:505 ESI/(5625:5630): El PLANIFICADOR aceptó mi conexión
[ERROR] 21:59:32:951 ESI/(5625:5630): [UNKOWN_MESSAGE_RECIEVED]
[ERROR] 21:59:32:951 ESI/(5625:5630): [UNKOWN_MESSAGE_RECIEVED]
[INFO] 22:10:45:266 ESI/(3265:3265):  CONECTADO EN: 4
[INFO] 22:10:45:267 ESI/(3265:3265): Envío saludo al coordinador
[INFO] 22:10:45:267 ESI/(3265:3265):  CONECTADO EN: 5
[INFO] 22:10:45:267 ESI/(3265:3265): Envío saludo al planificador
[INFO] 22:10:45:268 ESI/(3265:3273): El COORDINADOR aceptó mi conexión
[INFO] 22:10:45:268 ESI/(3265:3272): El PLANIFICADOR aceptó mi conexión
[ERROR] 22:10:46:725 ESI/(3265:3272): [UNKOWN_MESSAGE_RECIEVED]
[ERROR] 22:10:46:726 ESI/(3265:3272): [UNKOWN_MESSAGE_RECIEVED]
[INFO] 22:14:34:627 ESI/(3601:3601):  CONECTADO EN: 4
[INFO] 22:14:34:644 ESI/(3601:3601): Envío saludo al planificador
[INFO] 22:14:34:645 ESI/(3601:3608): El PLANIFICADOR aceptó mi conexión
[ERROR] 22:14:36:170 ESI/(3601:3608): [UNKOWN_MESSAGE_RECIEVED]
[ERROR] 22:14:36:171 ESI/(3601:3608): [UNKOWN_MESSAGE_RECIEVED]
[INFO] 22:16:39:418 ESI/(3811:3811):  CONECTADO EN: 4
[INFO] 22:16:39:433 ESI/(3811:3811): Envío saludo al coordinador
[INFO] 22:16:39:434 ESI/(3811:3811):  CONECTADO EN: 5
[INFO] 22:16:39:434 ESI/(3811:3811): Envío saludo al planificador
[INFO] 22:16:39:436 ESI/(3811:3818): El COORDINADOR aceptó mi conexión
[INFO] 22:16:39:436 ESI/(3811:3817): El PLANIFICADOR aceptó mi conexión
[ERROR] 22:16:40:531 ESI/(3811:3817): [UNKOWN_MESSAGE_RECIEVED]
[ERROR] 22:16:40:531 ESI/(3811:3817): [UNKOWN_MESSAGE_RECIEVED]
[INFO] 22:18:35:916 ESI/(4008:4008):  CONECTADO EN: 4
[INFO] 22:18:35:916 ESI/(4008:4008): Envío saludo al coordinador
[INFO] 22:18:35:916 ESI/(4008:4014): El COORDINADOR aceptó mi conexión
[INFO] 22:22:34:533 ESI/(4955:4955):  CONECTADO EN: 4
[INFO] 22:22:34:534 ESI/(4955:4955): Envío saludo al coordinador
[INFO] 22:22:34:536 ESI/(4955:4955):  CONECTADO EN: 5
[INFO] 22:22:34:536 ESI/(4955:4955): Envío saludo al planificador
[INFO] 22:22:34:536 ESI/(4955:4961): El COORDINADOR aceptó mi conexión
[INFO] 22:22:34:537 ESI/(4955:4960): El PLANIFICADOR aceptó mi conexión
[INFO] 22:25:32:883 ESI/(5345:5345):  CONECTADO EN: 4
[INFO] 22:25:32:883 ESI/(5345:5345): Envío saludo al coordinador
[INFO] 22:25:32:884 ESI/(5345:5345):  CONECTADO EN: 5
[INFO] 22:25:32:884 ESI/(5345:5345): Envío saludo al planificador
[INFO] 22:25:32:884 ESI/(5345:5352): El COORDINADOR aceptó mi conexión
[INFO] 22:25:32:886 ESI/(5345:5351): El PLANIFICADOR aceptó mi conexión
[ERROR] 22:25:33:503 ESI/(5345:5351): [UNKOWN_MESSAGE_RECIEVED]
[ERROR] 22:25:33:504 ESI/(5345:5351): [UNKOWN_MESSAGE_RECIEVED]
[INFO] 22:26:44:555 ESI/(5531:5531):  CONECTADO EN: 4
[INFO] 22:26:44:556 ESI/(5531:5531): Envío saludo al coordinador
[INFO] 22:26:44:557 ESI/(5531:5531):  CONECTADO EN: 5
[INFO] 22:26:44:557 ESI/(5531:5531): Envío saludo al planificador
[INFO] 22:26:44:557 ESI/(5531:5538): El COORDINADOR aceptó mi conexión
[INFO] 22:26:44:557 ESI/(5531:5537): El PLANIFICADOR aceptó mi conexión
[ERROR] 22:26:44:958 ESI/(5531:5537): [UNKOWN_MESSAGE_RECIEVED]
[ERROR] 22:26:44:959 ESI/(5531:5537): [UNKOWN_MESSAGE_RECIEVED]
[INFO] 22:28:25:699 ESI/(5708:5708):  CONECTADO EN: 4
[INFO] 22:28:25:700 ESI/(5708:5708): Envío saludo al coordinador
[INFO] 22:28:25:700 ESI/(5708:5708):  CONECTADO EN: 5
[INFO] 22:28:25:700 ESI/(5708:5708): Envío saludo al planificador
[INFO] 22:28:25:701 ESI/(5708:5715): El COORDINADOR aceptó mi conexión
[INFO] 22:28:25:701 ESI/(5708:5714): El PLANIFICADOR aceptó mi conexión
[ERROR] 22:28:26:45 ESI/(5708:5714): [UNKOWN_MESSAGE_RECIEVED]
[ERROR] 22:28:26:45 ESI/(5708:5714): [UNKOWN_MESSAGE_RECIEVED]
[INFO] 22:29:28:334 ESI/(5884:5884):  CONECTADO EN: 4
[INFO] 22:29:28:334 ESI/(5884:5884): Envío saludo al coordinador
[INFO] 22:29:28:334 ESI/(5884:5884):  CONECTADO EN: 5
[INFO] 22:29:28:335 ESI/(5884:5884): Envío saludo al planificador
[INFO] 22:29:28:336 ESI/(5884:5891): El COORDINADOR aceptó mi conexión
[INFO] 22:29:28:336 ESI/(5884:5890): El PLANIFICADOR aceptó mi conexión
[ERROR] 22:29:28:816 ESI/(5884:5890): [UNKOWN_MESSAGE_RECIEVED]
[ERROR] 22:29:28:819 ESI/(5884:5890): [UNKOWN_MESSAGE_RECIEVED]
[INFO] 22:30:19:566 ESI/(6114:6114):  CONECTADO EN: 4
[INFO] 22:30:19:567 ESI/(6114:6114): Envío saludo al coordinador
[INFO] 22:30:19:567 ESI/(6114:6114):  CONECTADO EN: 5
[INFO] 22:30:19:567 ESI/(6114:6114): Envío saludo al planificador
[INFO] 22:30:19:568 ESI/(6114:6122): El COORDINADOR aceptó mi conexión
[INFO] 22:30:19:568 ESI/(6114:6121): El PLANIFICADOR aceptó mi conexión
[ERROR] 22:30:19:748 ESI/(6114:6121): [UNKOWN_MESSAGE_RECIEVED]
[ERROR] 22:30:19:749 ESI/(6114:6121): [UNKOWN_MESSAGE_RECIEVED]
[INFO] 22:30:41:685 ESI/(6499:6499):  CONECTADO EN: 4
[INFO] 22:30:41:685 ESI/(6499:6499): Envío saludo al coordinador
[INFO] 22:30:41:686 ESI/(6499:6499):  CONECTADO EN: 5
[INFO] 22:30:41:686 ESI/(6499:6499): Envío saludo al planificador
[INFO] 22:30:41:686 ESI/(6499:6505): El COORDINADOR aceptó mi conexión
[INFO] 22:30:41:686 ESI/(6499:6504): El PLANIFICADOR aceptó mi conexión
[INFO] 22:32:16:417 ESI/(6754:6754):  CONECTADO EN: 4
[INFO] 22:32:16:417 ESI/(6754:6754): Envío saludo al coordinador
[INFO] 22:32:16:418 ESI/(6754:6754):  CONECTADO EN: 5
[INFO] 22:32:16:418 ESI/(6754:6754): Envío saludo al planificador
[INFO] 22:32:16:422 ESI/(6754:6761): El COORDINADOR aceptó mi conexión
[INFO] 22:32:16:422 ESI/(6754:6760): El PLANIFICADOR aceptó mi conexión
[ERROR] 22:32:17:81 ESI/(6754:6760): [UNKOWN_MESSAGE_RECIEVED]
[ERROR] 22:32:17:82 ESI/(6754:6760): [UNKOWN_MESSAGE_RECIEVED]
[INFO] 22:34:14:174 ESI/(6925:6925):  CONECTADO EN: 4
[INFO] 22:34:14:175 ESI/(6925:6925): Envío saludo al coordinador
[INFO] 22:34:14:176 ESI/(6925:6925):  CONECTADO EN: 5
[INFO] 22:34:14:176 ESI/(6925:6925): Envío saludo al planificador
[INFO] 22:34:14:176 ESI/(6925:6932): El COORDINADOR aceptó mi conexión
[INFO] 22:34:14:176 ESI/(6925:6931): El PLANIFICADOR aceptó mi conexión
[ERROR] 22:34:15:109 ESI/(6925:6931): [UNKOWN_MESSAGE_RECIEVED]
[ERROR] 22:34:15:109 ESI/(6925:6931): [UNKOWN_MESSAGE_RECIEVED]
[INFO] 22:36:52:907 ESI/(7428:7428):  CONECTADO EN: 4
[INFO] 22:36:52:907 ESI/(7428:7428): Envío saludo al coordinador
[INFO] 22:36:52:908 ESI/(7428:7428):  CONECTADO EN: 5
[INFO] 22:36:52:908 ESI/(7428:7428): Envío saludo al planificador
[INFO] 22:36:52:908 ESI/(7428:7435): El COORDINADOR aceptó mi conexión
[INFO] 22:36:52:908 ESI/(7428:7434): El PLANIFICADOR aceptó mi conexión
[ERROR] 22:36:54:237 ESI/(7428:7434): [UNKOWN_MESSAGE_RECIEVED]
[ERROR] 22:36:54:237 ESI/(7428:7434): [UNKOWN_MESSAGE_RECIEVED]
[INFO] 22:38:39:252 ESI/(7601:7601):  CONECTADO EN: 4
[INFO] 22:38:39:253 ESI/(7601:7601): Envío saludo al coordinador
[INFO] 22:38:39:254 ESI/(7601:7601):  CONECTADO EN: 5
[INFO] 22:38:39:254 ESI/(7601:7601): Envío saludo al planificador
[INFO] 22:38:39:254 ESI/(7601:7607): El COORDINADOR aceptó mi conexión
[INFO] 22:38:39:254 ESI/(7601:7606): El PLANIFICADOR aceptó mi conexión
[ERROR] 22:41:17:767 ESI/(7601:7607): [UNKOWN_MESSAGE_RECIEVED]
[ERROR] 22:41:17:787 ESI/(7601:7607): [UNKOWN_MESSAGE_RECIEVED]
[INFO] 22:41:59:638 ESI/(8174:8174):  CONECTADO EN: 4
[INFO] 22:41:59:638 ESI/(8174:8174): Envío saludo al coordinador
[INFO] 22:41:59:638 ESI/(8174:8174):  CONECTADO EN: 5
[INFO] 22:41:59:638 ESI/(8174:8174): Envío saludo al planificador
[INFO] 22:41:59:639 ESI/(8174:8181): El COORDINADOR aceptó mi conexión
[INFO] 22:41:59:639 ESI/(8174:8180): El PLANIFICADOR aceptó mi conexión
[ERROR] 22:42:01:658 ESI/(8174:8180): [UNKOWN_MESSAGE_RECIEVED]
[ERROR] 22:42:01:659 ESI/(8174:8180): [UNKOWN_MESSAGE_RECIEVED]
[INFO] 22:44:48:961 ESI/(8458:8458):  CONECTADO EN: 4
[INFO] 22:44:48:966 ESI/(8458:8458): Envío saludo al coordinador
[INFO] 22:44:48:966 ESI/(8458:8458):  CONECTADO EN: 5
[INFO] 22:44:48:966 ESI/(8458:8458): Envío saludo al planificador
[INFO] 22:44:48:972 ESI/(8458:8464): El COORDINADOR aceptó mi conexión
[ERROR] 22:44:51:108 ESI/(8458:8463): [UNKOWN_MESSAGE_RECIEVED]
[ERROR] 22:44:51:108 ESI/(8458:8463): [UNKOWN_MESSAGE_RECIEVED]
[INFO] 22:47:51:584 ESI/(8926:8926):  CONECTADO EN: 4
[INFO] 22:47:51:610 ESI/(8926:8926): Envío saludo al coordinador
[INFO] 22:47:51:610 ESI/(8926:8926):  CONECTADO EN: 5
[INFO] 22:47:51:611 ESI/(8926:8926): Envío saludo al planificador
[INFO] 22:47:51:611 ESI/(8926:8933): El COORDINADOR aceptó mi conexión
[ERROR] 22:47:57:69 ESI/(8926:8932): [UNKOWN_MESSAGE_RECIEVED]
[ERROR] 22:47:57:70 ESI/(8926:8932): [UNKOWN_MESSAGE_RECIEVED]
[INFO] 22:49:53:917 ESI/(9213:9213):  CONECTADO EN: 4
[INFO] 22:49:53:965 ESI/(9213:9213): Envío saludo al coordinador
[INFO] 22:49:53:965 ESI/(9213:9213):  CONECTADO EN: 5
[INFO] 22:49:53:965 ESI/(9213:9213): Envío saludo al planificador
[INFO] 22:49:54:6 ESI/(9213:9225): El COORDINADOR aceptó mi conexión
[ERROR] 22:49:58:254 ESI/(9213:9224): [UNKOWN_MESSAGE_RECIEVED]
[ERROR] 22:49:58:254 ESI/(9213:9224): [UNKOWN_MESSAGE_RECIEVED]
[INFO] 22:54:05:509 ESI/(9633:9633):  CONECTADO EN: 4
[INFO] 22:54:05:521 ESI/(9633:9633): Envío saludo al coordinador
[INFO] 22:54:05:522 ESI/(9633:9633):  CONECTADO EN: 5
[INFO] 22:54:05:522 ESI/(9633:9633): Envío saludo al planificador
[INFO] 22:54:05:525 ESI/(9633:9639): El COORDINADOR aceptó mi conexión
[ERROR] 22:54:08:131 ESI/(9633:9638): [UNKOWN_MESSAGE_RECIEVED]
[ERROR] 22:54:08:132 ESI/(9633:9638): [UNKOWN_MESSAGE_RECIEVED]
[INFO] 22:57:30:631 ESI/(3402:3402):  CONECTADO EN: 4
[INFO] 22:57:30:640 ESI/(3402:3402): Envío saludo al coordinador
[INFO] 22:57:30:641 ESI/(3402:3402):  CONECTADO EN: 5
[INFO] 22:57:30:641 ESI/(3402:3402): Envío saludo al planificador
[INFO] 22:57:30:643 ESI/(3402:3409): El COORDINADOR aceptó mi conexión
[ERROR] 22:57:31:872 ESI/(3402:3408): [UNKOWN_MESSAGE_RECIEVED]
[ERROR] 22:57:31:872 ESI/(3402:3408): [UNKOWN_MESSAGE_RECIEVED]
[INFO] 22:57:37:943 ESI/(3419:3419):  CONECTADO EN: 4
[INFO] 22:57:37:943 ESI/(3419:3419): Envío saludo al coordinador
[ERROR] 22:57:37:943 ESI/(3419:3419):  ERROR AL CONECTAR CON EL PLANIFICADOR
[INFO] 22:59:45:390 ESI/(3609:3609):  CONECTADO EN: 4
[INFO] 22:59:45:390 ESI/(3609:3609): Envío saludo al coordinador
[INFO] 22:59:45:390 ESI/(3609:3609):  CONECTADO EN: 5
[INFO] 22:59:45:391 ESI/(3609:3609): Envío saludo al planificador
[INFO] 22:59:45:407 ESI/(3609:3616): El COORDINADOR aceptó mi conexión
[ERROR] 22:59:46:395 ESI/(3609:3615): [UNKOWN_MESSAGE_RECIEVED]
[ERROR] 22:59:46:395 ESI/(3609:3615): [UNKOWN_MESSAGE_RECIEVED]
[INFO] 23:00:51:365 ESI/(3888:3888):  CONECTADO EN: 4
[INFO] 23:00:51:365 ESI/(3888:3888): Envío saludo al coordinador
[INFO] 23:00:51:365 ESI/(3888:3888):  CONECTADO EN: 5
[INFO] 23:00:51:366 ESI/(3888:3888): Envío saludo al planificador
[INFO] 23:00:51:367 ESI/(3888:3895): El COORDINADOR aceptó mi conexión
[ERROR] 23:00:51:718 ESI/(3888:3894): [UNKOWN_MESSAGE_RECIEVED]
[ERROR] 23:00:51:718 ESI/(3888:3894): [UNKOWN_MESSAGE_RECIEVED]
[INFO] 23:05:07:757 ESI/(4118:4118):  CONECTADO EN: 4
[INFO] 23:05:08:931 ESI/(4118:4118): Envío saludo al coordinador
[INFO] 23:05:43:500 ESI/(4118:4118):  CONECTADO EN: 5
[INFO] 23:05:44:808 ESI/(4118:4118): Envío saludo al planificador
[ERROR] 23:05:56:337 ESI/(4118:4304): [UNKOWN_MESSAGE_RECIEVED]
[ERROR] 23:05:56:338 ESI/(4118:4304): [UNKOWN_MESSAGE_RECIEVED]
[INFO] 23:06:02:25 ESI/(4118:4313): El COORDINADOR aceptó mi conexión
[ERROR] 23:06:15:911 ESI/(4118:4304): [UNKOWN_MESSAGE_RECIEVED]
[ERROR] 23:06:27:573 ESI/(4118:4304): [UNKOWN_MESSAGE_RECIEVED]
[ERROR] 23:06:30:986 ESI/(4118:4304): [UNKOWN_MESSAGE_RECIEVED]
[ERROR] 23:06:33:951 ESI/(4118:4304): [UNKOWN_MESSAGE_RECIEVED]
[INFO] 23:09:43:164 ESI/(4432:4432):  CONECTADO EN: 4
[INFO] 23:09:45:144 ESI/(4432:4432): Envío saludo al coordinador
[INFO] 23:09:57:519 ESI/(4432:4432):  CONECTADO EN: 5
[INFO] 23:09:59:910 ESI/(4432:4432): Envío saludo al planificador
[INFO] 23:10:02:463 ESI/(4432:4642): El COORDINADOR aceptó mi conexión
[ERROR] 23:10:03:564 ESI/(4432:4641): [UNKOWN_MESSAGE_RECIEVED]
[ERROR] 23:10:03:564 ESI/(4432:4641): [UNKOWN_MESSAGE_RECIEVED]
[ERROR] 23:10:03:564 ESI/(4432:4641): [UNKOWN_MESSAGE_RECIEVED]
[ERROR] 23:10:03:564 ESI/(4432:4641): [UNKOWN_MESSAGE_RECIEVED]
[ERROR] 23:10:03:564 ESI/(4432:4641): [UNKOWN_MESSAGE_RECIEVED]
[ERROR] 23:10:03:564 ESI/(4432:4641): [UNKOWN_MESSAGE_RECIEVED]
[ERROR] 23:10:03:564 ESI/(4432:4641): [UNKOWN_MESSAGE_RECIEVED]
[ERROR] 23:10:03:564 ESI/(4432:4641): [UNKOWN_MESSAGE_RECIEVED]
[ERROR] 23:10:03:564 ESI/(4432:4641): [UNKOWN_MESSAGE_RECIEVED]
[ERROR] 23:10:03:564 ESI/(4432:4641): [UNKOWN_MESSAGE_RECIEVED]
[ERROR] 23:10:03:564 ESI/(4432:4641): [UNKOWN_MESSAGE_RECIEVED]
[ERROR] 23:10:03:564 ESI/(4432:4641): [UNKOWN_MESSAGE_RECIEVED]
[ERROR] 23:10:03:564 ESI/(4432:4641): [UNKOWN_MESSAGE_RECIEVED]
[ERROR] 23:10:03:564 ESI/(4432:4641): [UNKOWN_MESSAGE_RECIEVED]
[ERROR] 23:10:03:564 ESI/(4432:4641): [UNKOWN_MESSAGE_RECIEVED]
[ERROR] 23:10:03:564 ESI/(4432:4641): [UNKOWN_MESSAGE_RECIEVED]
[ERROR] 23:10:03:564 ESI/(4432:4641): [UNKOWN_MESSAGE_RECIEVED]
[ERROR] 23:10:03:564 ESI/(4432:4641): [UNKOWN_MESSAGE_RECIEVED]
[ERROR] 23:10:03:564 ESI/(4432:4641): [UNKOWN_MESSAGE_RECIEVED]
[ERROR] 23:10:03:564 ESI/(4432:4641): [UNKOWN_MESSAGE_RECIEVED]
[ERROR] 23:10:03:564 ESI/(4432:4641): [UNKOWN_MESSAGE_RECIEVED]
[ERROR] 23:10:03:564 ESI/(4432:4641): [UNKOWN_MESSAGE_RECIEVED]
[ERROR] 23:10:03:564 ESI/(4432:4641): [UNKOWN_MESSAGE_RECIEVED]
[ERROR] 23:10:03:564 ESI/(4432:4641): [UNKOWN_MESSAGE_RECIEVED]
[ERROR] 23:10:03:564 ESI/(4432:4641): [UNKOWN_MESSAGE_RECIEVED]
[ERROR] 23:10:03:564 ESI/(4432:4641): [UNKOWN_MESSAGE_RECIEVED]
[ERROR] 23:10:03:564 ESI/(4432:4641): [UNKOWN_MESSAGE_RECIEVED]
[ERROR] 23:10:03:564 ESI/(4432:4641): [UNKOWN_MESSAGE_RECIEVED]
[ERROR] 23:10:03:564 ESI/(4432:4641): [UNKOWN_MESSAGE_RECIEVED]
[ERROR] 23:10:03:564 ESI/(4432:4641): [UNKOWN_MESSAGE_RECIEVED]
[ERROR] 23:10:03:564 ESI/(4432:4641): [UNKOWN_MESSAGE_RECIEVED]
[ERROR] 23:10:03:564 ESI/(4432:4641): [UNKOWN_MESSAGE_RECIEVED]
[INFO] 23:10:41:910 ESI/(4689:4689):  CONECTADO EN: 4
[INFO] 23:10:43:204 ESI/(4689:4689): Envío saludo al coordinador
[INFO] 23:10:52:380 ESI/(4689:4689):  CONECTADO EN: 5
[INFO] 23:10:54:341 ESI/(4689:4689): Envío saludo al planificador
[ERROR] 23:11:01:516 ESI/(4689:4751): [UNKOWN_MESSAGE_RECIEVED]
[ERROR] 23:11:01:518 ESI/(4689:4751): [UNKOWN_MESSAGE_RECIEVED]
[INFO] 23:11:41:124 ESI/(4804:4804):  CONECTADO EN: 4
[INFO] 23:11:41:142 ESI/(4804:4804): Envío saludo al coordinador
[ERROR] 23:11:41:142 ESI/(4804:4804):  ERROR AL CONECTAR CON EL PLANIFICADOR
[INFO] 23:11:56:714 ESI/(4831:4831):  CONECTADO EN: 4
[INFO] 23:11:56:715 ESI/(4831:4831): Envío saludo al coordinador
[ERROR] 23:11:56:715 ESI/(4831:4831):  ERROR AL CONECTAR CON EL PLANIFICADOR
[INFO] 23:16:08:617 ESI/(4991:4991):  CONECTADO EN: 4
[INFO] 23:16:08:646 ESI/(4991:4991): Envío saludo al coordinador
[INFO] 23:16:08:647 ESI/(4991:4991):  CONECTADO EN: 5
[INFO] 23:16:08:647 ESI/(4991:4991): Envío saludo al planificador
[INFO] 23:16:08:649 ESI/(4991:4998): El COORDINADOR aceptó mi conexión
[ERROR] 23:16:10:223 ESI/(4991:4999): [UNKOWN_MESSAGE_RECIEVED]
[ERROR] 23:16:10:223 ESI/(4991:4999): [UNKOWN_MESSAGE_RECIEVED]
[INFO] 23:20:57:614 ESI/(5167:5167):  CONECTADO EN: 4
[INFO] 23:20:57:621 ESI/(5167:5167): Envío saludo al coordinador
[INFO] 23:20:57:622 ESI/(5167:5167):  CONECTADO EN: 5
[INFO] 23:20:57:622 ESI/(5167:5167): Envío saludo al planificador
[INFO] 23:20:57:622 ESI/(5167:5174): El PLANIFICADOR aceptó mi conexión
[INFO] 23:20:57:624 ESI/(5167:5173): El COORDINADOR aceptó mi conexión
[INFO] 23:22:27:285 ESI/(5555:5555):  CONECTADO EN: 4
[INFO] 23:22:27:316 ESI/(5555:5555): Envío saludo al coordinador
[INFO] 23:22:27:318 ESI/(5555:5555):  CONECTADO EN: 5
[INFO] 23:22:27:318 ESI/(5555:5555): Envío saludo al planificador
[INFO] 23:22:27:318 ESI/(5555:5562): El PLANIFICADOR aceptó mi conexión
[INFO] 23:22:27:318 ESI/(5555:5561): El COORDINADOR aceptó mi conexión
[ERROR] 23:22:42:39 ESI/(5555:5562): [UNKOWN_MESSAGE_RECIEVED]
[ERROR] 23:22:42:39 ESI/(5555:5562): [UNKOWN_MESSAGE_RECIEVED]
[INFO] 23:23:45:828 ESI/(5707:5707):  CONECTADO EN: 4
[INFO] 23:23:45:910 ESI/(5707:5707): Envío saludo al coordinador
[INFO] 23:23:45:911 ESI/(5707:5707):  CONECTADO EN: 5
[INFO] 23:23:45:911 ESI/(5707:5707): Envío saludo al planificador
[INFO] 23:23:45:914 ESI/(5707:5715): El PLANIFICADOR aceptó mi conexión
[INFO] 23:23:45:914 ESI/(5707:5714): El COORDINADOR aceptó mi conexión
[INFO] 23:25:07:785 ESI/(5845:5845):  CONECTADO EN: 4
[INFO] 23:25:07:819 ESI/(5845:5845): Envío saludo al coordinador
[INFO] 23:25:07:820 ESI/(5845:5845):  CONECTADO EN: 5
[INFO] 23:25:07:820 ESI/(5845:5845): Envío saludo al planificador
[INFO] 23:25:07:820 ESI/(5845:5851): El COORDINADOR aceptó mi conexión
[INFO] 23:25:07:921 ESI/(5845:5852): El PLANIFICADOR aceptó mi conexión
[ERROR] 23:25:18:325 ESI/(5845:5852): [UNKOWN_MESSAGE_RECIEVED]
[ERROR] 23:25:18:325 ESI/(5845:5852): [UNKOWN_MESSAGE_RECIEVED]
[INFO] 23:26:09:766 ESI/(6000:6000):  CONECTADO EN: 4
[INFO] 23:26:09:839 ESI/(6000:6000): Envío saludo al coordinador
[INFO] 23:26:09:840 ESI/(6000:6000):  CONECTADO EN: 5
[INFO] 23:26:09:840 ESI/(6000:6000): Envío saludo al planificador
[INFO] 23:26:09:840 ESI/(6000:6016): El COORDINADOR aceptó mi conexión
[ERROR] 23:26:13:393 ESI/(6000:6017): [UNKOWN_MESSAGE_RECIEVED]
[ERROR] 23:26:13:393 ESI/(6000:6017): [UNKOWN_MESSAGE_RECIEVED]
[INFO] 23:27:03:61 ESI/(6139:6139):  CONECTADO EN: 4
[INFO] 23:27:03:84 ESI/(6139:6139): Envío saludo al coordinador
[ERROR] 23:27:03:84 ESI/(6139:6139):  ERROR AL CONECTAR CON EL PLANIFICADOR
[INFO] 23:27:15:43 ESI/(6222:6222):  CONECTADO EN: 4
[INFO] 23:27:15:43 ESI/(6222:6222): Envío saludo al coordinador
[INFO] 23:27:15:43 ESI/(6222:6222):  CONECTADO EN: 5
[INFO] 23:27:15:43 ESI/(6222:6222): Envío saludo al planificador
[INFO] 23:27:15:44 ESI/(6222:6231): El PLANIFICADOR aceptó mi conexión
[INFO] 23:27:15:44 ESI/(6222:6230): El COORDINADOR aceptó mi conexión
[INFO] 23:32:06:540 ESI/(6447:6447):  CONECTADO EN: 4
[INFO] 23:32:06:565 ESI/(6447:6447): Envío saludo al coordinador
[INFO] 23:32:06:566 ESI/(6447:6447):  CONECTADO EN: 5
[INFO] 23:32:06:566 ESI/(6447:6447): Envío saludo al planificador
[INFO] 23:32:06:575 ESI/(6447:6452): El COORDINADOR aceptó mi conexión
[ERROR] 23:32:12:910 ESI/(6447:6453): [UNKOWN_MESSAGE_RECIEVED]
[ERROR] 23:32:12:910 ESI/(6447:6453): [UNKOWN_MESSAGE_RECIEVED]
[INFO] 23:43:56:119 ESI/(3464:3464):  CONECTADO EN: 4
[INFO] 23:43:56:128 ESI/(3464:3464): Envío saludo al coordinador
[INFO] 23:43:56:129 ESI/(3464:3464):  CONECTADO EN: 5
[INFO] 23:43:56:129 ESI/(3464:3464): Envío saludo al planificador
[INFO] 23:43:56:135 ESI/(3464:3469): El COORDINADOR aceptó mi conexión
[ERROR] 23:43:57:616 ESI/(3464:3470): [UNKOWN_MESSAGE_RECIEVED]
[ERROR] 23:43:57:616 ESI/(3464:3470): [UNKOWN_MESSAGE_RECIEVED]
[INFO] 23:46:38:668 ESI/(3706:3706):  CONECTADO EN: 4
[INFO] 23:46:38:669 ESI/(3706:3706): Envío saludo al coordinador
[INFO] 23:46:38:669 ESI/(3706:3706):  CONECTADO EN: 5
[INFO] 23:46:38:670 ESI/(3706:3706): Envío saludo al planificador
[INFO] 23:46:38:670 ESI/(3706:3712): El COORDINADOR aceptó mi conexión
[ERROR] 23:46:39:834 ESI/(3706:3713): [UNKOWN_MESSAGE_RECIEVED]
[ERROR] 23:46:39:834 ESI/(3706:3713): [UNKOWN_MESSAGE_RECIEVED]
[INFO] 23:50:40:878 ESI/(4227:4227):  CONECTADO EN: 4
[INFO] 23:50:40:888 ESI/(4227:4227): Envío saludo al coordinador
[INFO] 23:50:40:896 ESI/(4227:4227):  CONECTADO EN: 5
[INFO] 23:50:40:896 ESI/(4227:4227): Envío saludo al planificador
[INFO] 23:50:40:900 ESI/(4227:4233): El COORDINADOR aceptó mi conexión
[ERROR] 23:50:42:344 ESI/(4227:4234): [UNKOWN_MESSAGE_RECIEVED]
[ERROR] 23:50:42:344 ESI/(4227:4234): [UNKOWN_MESSAGE_RECIEVED]
[INFO] 23:51:35:637 ESI/(4346:4346):  CONECTADO EN: 4
[INFO] 23:51:35:639 ESI/(4346:4346): Envío saludo al coordinador
[INFO] 23:51:35:639 ESI/(4346:4346):  CONECTADO EN: 5
[INFO] 23:51:35:639 ESI/(4346:4346): Envío saludo al planificador
[INFO] 23:51:35:640 ESI/(4346:4352): El COORDINADOR aceptó mi conexión
[ERROR] 23:51:36:473 ESI/(4346:4353): [UNKOWN_MESSAGE_RECIEVED]
[ERROR] 23:51:36:474 ESI/(4346:4353): [UNKOWN_MESSAGE_RECIEVED]
[INFO] 23:52:37:213 ESI/(4467:4467):  CONECTADO EN: 4
[INFO] 23:52:37:218 ESI/(4467:4467): Envío saludo al coordinador
[INFO] 23:52:37:224 ESI/(4467:4467):  CONECTADO EN: 5
[INFO] 23:52:37:224 ESI/(4467:4467): Envío saludo al planificador
[INFO] 23:52:37:225 ESI/(4467:4473): El PLANIFICADOR aceptó mi conexión
[INFO] 23:52:37:225 ESI/(4467:4472): El COORDINADOR aceptó mi conexión
[ERROR] 23:56:08:817 ESI/(4467:4473): [UNKOWN_MESSAGE_RECIEVED]
[ERROR] 23:56:08:846 ESI/(4467:4473): [UNKOWN_MESSAGE_RECIEVED]
[INFO] 23:56:30:19 ESI/(4736:4736):  CONECTADO EN: 4
[INFO] 23:56:30:20 ESI/(4736:4736): Envío saludo al coordinador
[INFO] 23:56:30:20 ESI/(4736:4736):  CONECTADO EN: 5
[INFO] 23:56:30:20 ESI/(4736:4736): Envío saludo al planificador
[INFO] 23:56:30:25 ESI/(4736:4742): El COORDINADOR aceptó mi conexión
[ERROR] 23:56:30:901 ESI/(4736:4743): [UNKOWN_MESSAGE_RECIEVED]
[ERROR] 23:56:30:901 ESI/(4736:4743): [UNKOWN_MESSAGE_RECIEVED]
[INFO] 23:59:59:128 ESI/(5053:5053):  CONECTADO EN: 4
[INFO] 23:59:59:131 ESI/(5053:5053): Envío saludo al coordinador
[INFO] 23:59:59:132 ESI/(5053:5053):  CONECTADO EN: 5
[INFO] 23:59:59:132 ESI/(5053:5053): Envío saludo al planificador
[INFO] 23:59:59:132 ESI/(5053:5063): El COORDINADOR aceptó mi conexión
[ERROR] 23:59:59:989 ESI/(5053:5064): [UNKOWN_MESSAGE_RECIEVED]
[ERROR] 23:59:59:989 ESI/(5053:5064): [UNKOWN_MESSAGE_RECIEVED]
[INFO] 00:03:42:587 ESI/(5412:5412):  CONECTADO EN: 4
[INFO] 00:03:42:650 ESI/(5412:5412): Envío saludo al coordinador
[INFO] 00:03:42:651 ESI/(5412:5412):  CONECTADO EN: 5
[INFO] 00:03:42:651 ESI/(5412:5412): Envío saludo al planificador
[INFO] 00:03:42:652 ESI/(5412:5418): El COORDINADOR aceptó mi conexión
[ERROR] 00:03:45:719 ESI/(5412:5419): [UNKOWN_MESSAGE_RECIEVED]
[ERROR] 00:03:45:719 ESI/(5412:5419): [UNKOWN_MESSAGE_RECIEVED]
[INFO] 00:04:53:233 ESI/(5519:5519):  CONECTADO EN: 4
[INFO] 00:04:53:287 ESI/(5519:5519): Envío saludo al coordinador
[INFO] 00:04:53:287 ESI/(5519:5519):  CONECTADO EN: 5
[INFO] 00:04:53:287 ESI/(5519:5519): Envío saludo al planificador
[INFO] 00:04:53:288 ESI/(5519:5524): El COORDINADOR aceptó mi conexión
[ERROR] 00:05:00:643 ESI/(5519:5525): [UNKOWN_MESSAGE_RECIEVED]
[ERROR] 00:05:00:643 ESI/(5519:5525): [UNKOWN_MESSAGE_RECIEVED]
[INFO] 00:07:35:380 ESI/(5686:5686):  CONECTADO EN: 4
[INFO] 00:07:35:408 ESI/(5686:5686): Envío saludo al coordinador
[INFO] 00:07:35:409 ESI/(5686:5686):  CONECTADO EN: 5
[INFO] 00:07:35:410 ESI/(5686:5686): Envío saludo al planificador
[INFO] 00:07:35:415 ESI/(5686:5692): El COORDINADOR aceptó mi conexión
[ERROR] 00:07:39:815 ESI/(5686:5693): [UNKOWN_MESSAGE_RECIEVED]
[ERROR] 00:07:39:816 ESI/(5686:5693): [UNKOWN_MESSAGE_RECIEVED]
[INFO] 00:08:24:521 ESI/(5810:5810):  CONECTADO EN: 4
[INFO] 00:08:24:579 ESI/(5810:5810): Envío saludo al coordinador
[INFO] 00:08:24:581 ESI/(5810:5810):  CONECTADO EN: 5
[INFO] 00:08:24:581 ESI/(5810:5810): Envío saludo al planificador
[INFO] 00:08:24:583 ESI/(5810:5816): El PLANIFICADOR aceptó mi conexión
[INFO] 00:08:24:583 ESI/(5810:5815): El COORDINADOR aceptó mi conexión
[INFO] 00:13:12:619 ESI/(6485:6485):  CONECTADO EN: 4
[INFO] 00:13:12:642 ESI/(6485:6485): Envío saludo al coordinador
[INFO] 00:13:12:643 ESI/(6485:6485):  CONECTADO EN: 5
[INFO] 00:13:12:643 ESI/(6485:6485): Envío saludo al planificador
[INFO] 00:13:12:647 ESI/(6485:6490): El COORDINADOR aceptó mi conexión
[INFO] 00:13:12:687 ESI/(6485:6491): El PLANIFICADOR aceptó mi conexión
