[INFO] 11:31:58:903 INSTANCE/(3781:3781):  CONECTADO EN: 4
[INFO] 11:36:39:106 INSTANCE/(3970:3970):  CONECTADO EN: 4
[INFO] 11:42:26:790 INSTANCE/(4224:4224):  CONECTADO EN: 4
[INFO] 11:46:49:239 INSTANCE/(4272:4272):  CONECTADO EN: 4
[INFO] 12:30:17:583 INSTANCE/(4979:4979):  CONECTADO EN: 4
[INFO] 12:42:47:841 INSTANCE/(5455:5455):  CONECTADO EN: 4
[INFO] 12:42:47:841 INSTANCE/(5455:5455): Envío saludo al coordinador
[ERROR] 12:44:20:474 INSTANCE/(5455:5455): Error al recibir el MessageHeader

[INFO] 12:47:05:288 INSTANCE/(5677:5677):  CONECTADO EN: 4
[INFO] 12:47:05:289 INSTANCE/(5677:5677): Envío saludo al coordinador
[INFO] 12:47:05:289 INSTANCE/(5677:5677): El COORDINADOR me confirma que recibío los datos con éxito
[INFO] 13:16:27:310 INSTANCE/(6366:6366):  CONECTADO EN: 4
[INFO] 13:16:27:310 INSTANCE/(6366:6366): Envío saludo al coordinador
[ERROR] 13:18:11:188 INSTANCE/(6366:6366): Error al recibir el MessageHeader

[INFO] 13:18:46:764 INSTANCE/(6589:6589):  CONECTADO EN: 4
[INFO] 13:18:46:764 INSTANCE/(6589:6589): Envío saludo al coordinador
[ERROR] 13:21:04:10 INSTANCE/(6589:6589): Error al recibir el MessageHeader

[INFO] 13:21:47:776 INSTANCE/(6788:6788):  CONECTADO EN: 4
[INFO] 13:21:47:776 INSTANCE/(6788:6788): Envío saludo al coordinador
[INFO] 13:21:47:776 INSTANCE/(6788:6788): El COORDINADOR me confirma que recibío los datos con éxito
[INFO] 13:27:22:827 INSTANCE/(7144:7144):  CONECTADO EN: 4
[INFO] 14:22:15:32 INSTANCE/(3275:3275):  CONECTADO EN: 4
[INFO] 14:22:15:33 INSTANCE/(3275:3275): Envío saludo al coordinador
[ERROR] 14:44:33:727 INSTANCE/(3275:3275): Error al recibir el MessageHeader

[INFO] 15:00:24:910 INSTANCE/(4120:4120):  CONECTADO EN: 4
[INFO] 15:00:24:911 INSTANCE/(4120:4120): Envío saludo al coordinador
[INFO] 15:00:24:911 INSTANCE/(4120:4120): El COORDINADOR me confirma que recibío los datos con éxito
[INFO] 15:07:58:745 INSTANCE/(4459:4459):  CONECTADO EN: 4
[INFO] 15:07:58:745 INSTANCE/(4459:4459): Envío saludo al coordinador
[INFO] 15:07:58:745 INSTANCE/(4459:4459): El COORDINADOR me confirma que recibío los datos con éxito
[INFO] 15:26:20:776 INSTANCE/(5247:5247):  CONECTADO EN: 4
[INFO] 15:26:20:777 INSTANCE/(5247:5247): Envío saludo al coordinador
[INFO] 15:26:20:777 INSTANCE/(5247:5247): El COORDINADOR me confirma que recibío los datos con éxito
[INFO] 15:36:10:178 INSTANCE/(5569:5569):  CONECTADO EN: 4
[INFO] 15:36:10:178 INSTANCE/(5569:5569): Envío saludo al coordinador
[INFO] 15:36:10:178 INSTANCE/(5569:5569): El COORDINADOR me confirma que recibío los datos con éxito
[INFO] 15:39:05:505 INSTANCE/(5868:5868):  CONECTADO EN: 4
[INFO] 15:39:05:505 INSTANCE/(5868:5868): Envío saludo al coordinador
[INFO] 15:39:05:506 INSTANCE/(5868:5868): El COORDINADOR me confirma que recibío los datos con éxito
[ERROR] 13:51:43:402 INSTANCE/(4747:4747):  ERROR AL CONECTAR CON EL COORDINADOR
[ERROR] 14:25:07:83 INSTANCE/(6557:6557):  ERROR AL CONECTAR CON EL COORDINADOR
[INFO] 15:05:37:184 INSTANCE/(9062:9062):  CONECTADO EN: 4
[INFO] 15:05:37:184 INSTANCE/(9062:9062): Envío saludo al coordinador
[ERROR] 15:05:37:184 INSTANCE/(9062:9062): El COORDINADOR no reconoció el último mensaje enviado
[INFO] 15:06:20:477 INSTANCE/(9123:9123):  CONECTADO EN: 4
[INFO] 15:06:20:477 INSTANCE/(9123:9123): Envío saludo al coordinador
[INFO] 15:06:20:483 INSTANCE/(9123:9123): El COORDINADOR me confirma que puedo iniciar la instancia, espero los datos de configuración
[INFO] 22:44:03:355 INSTANCE/(4743:4743):  CONECTADO EN: 4
[INFO] 22:44:03:364 INSTANCE/(4743:4743): Envío saludo al coordinador
[INFO] 22:44:03:364 INSTANCE/(4743:4743): El COORDINADOR me confirma que puedo iniciar la instancia, espero los datos de configuración
[INFO] 22:44:03:364 INSTANCE/(4743:4743): LA INTANCIA TENDRÁ 0 ENTRADAS DE -1238368192 BYTES
[INFO] 22:45:06:80 INSTANCE/(4841:4841):  CONECTADO EN: 4
[INFO] 22:45:06:80 INSTANCE/(4841:4841): Envío saludo al coordinador
[INFO] 22:45:06:80 INSTANCE/(4841:4841): El COORDINADOR me confirma que puedo iniciar la instancia, espero los datos de configuración
[INFO] 22:45:06:80 INSTANCE/(4841:4841): LA INTANCIA TENDRÁ 0 ENTRADAS DE 8 BYTES
[INFO] 22:46:06:734 INSTANCE/(4920:4920):  CONECTADO EN: 4
[INFO] 22:46:06:735 INSTANCE/(4920:4920): Envío saludo al coordinador
[INFO] 22:46:06:735 INSTANCE/(4920:4920): El COORDINADOR me confirma que puedo iniciar la instancia, espero los datos de configuración
[INFO] 22:46:06:735 INSTANCE/(4920:4920): LA INTANCIA TENDRÁ 0 ENTRADAS DE 8 BYTES
[INFO] 22:46:34:559 INSTANCE/(4964:4964):  CONECTADO EN: 4
[INFO] 22:46:34:559 INSTANCE/(4964:4964): Envío saludo al coordinador
[INFO] 22:46:34:559 INSTANCE/(4964:4964): El COORDINADOR me confirma que puedo iniciar la instancia, espero los datos de configuración
[INFO] 22:46:34:559 INSTANCE/(4964:4964): LA INTANCIA TENDRÁ 50 ENTRADAS DE 8 BYTES
[INFO] 22:47:49:399 INSTANCE/(5052:5052):  CONECTADO EN: 4
[INFO] 22:47:49:402 INSTANCE/(5052:5052): Envío saludo al coordinador
[INFO] 22:47:49:402 INSTANCE/(5052:5052): El COORDINADOR me confirma que puedo iniciar la instancia, espero los datos de configuración
[INFO] 22:47:49:403 INSTANCE/(5052:5052): LA INTANCIA TENDRÁ 20 ENTRADAS DE 100 BYTES (COORDINATOR)
