[INFO] 23:38:11:419 PLANNER/(3504:3504): SERVIDOR INICIADO
[INFO] 23:38:11:420 PLANNER/(3504:3504): SERVIDOR ESCUCHANDO 8000
[INFO] 17:39:20:9 PLANNER/(4003:4003): SERVIDOR INICIADO
[INFO] 17:39:21:31 PLANNER/(4003:4003): SERVIDOR ESCUCHANDO 8000
[INFO] 18:18:27:128 PLANNER/(7493:7493): SERVIDOR INICIADO
[INFO] 18:18:27:155 PLANNER/(7493:7493): SERVIDOR ESCUCHANDO 8000
[INFO] 18:18:50:390 PLANNER/(7493:7498): CONEXION RECIBIDA EN SOCKET -1
[INFO] 20:04:53:595 PLANNER/(7108:7108): SERVIDOR INICIADO
[INFO] 20:04:53:623 PLANNER/(7108:7108): SERVIDOR ESCUCHANDO 8000
[INFO] 20:05:16:603 PLANNER/(7158:7158): SERVIDOR INICIADO
[INFO] 20:05:16:604 PLANNER/(7158:7158): SERVIDOR ESCUCHANDO 8000
[ERROR] 20:11:38:371 PLANNER/(7633:7633): ERROR AL INICIAR EL SERVIDOR
[ERROR] 20:12:01:27 PLANNER/(7694:7694): ERROR AL INICIAR EL SERVIDOR
[ERROR] 20:12:21:133 PLANNER/(7748:7748): ERROR AL INICIAR EL SERVIDOR
[ERROR] 20:12:28:692 PLANNER/(7760:7760): ERROR AL INICIAR EL SERVIDOR
[ERROR] 20:12:58:10 PLANNER/(7843:7843): ERROR AL INICIAR EL SERVIDOR
[INFO] 20:13:43:137 PLANNER/(7158:7164): CONEXION RECIBIDA EN SOCKET -1
[INFO] 20:14:53:470 PLANNER/(8009:8009): SERVIDOR INICIADO
[INFO] 20:14:53:471 PLANNER/(8009:8009): SERVIDOR ESCUCHANDO 8000
[INFO] 20:15:10:517 PLANNER/(8009:8014): CONEXION RECIBIDA EN SOCKET -1
[INFO] 20:18:38:19 PLANNER/(8331:8331): SERVIDOR INICIADO
[INFO] 20:18:39:29 PLANNER/(8331:8331): SERVIDOR ESCUCHANDO 8000
[INFO] 20:19:55:389 PLANNER/(8331:8338): CONEXION RECIBIDA EN SOCKET -1
[INFO] 20:20:06:583 PLANNER/(8560:8560): SERVIDOR INICIADO
[INFO] 20:20:06:584 PLANNER/(8560:8560): SERVIDOR ESCUCHANDO 8000
[INFO] 20:20:49:746 PLANNER/(8560:8567): CONEXION RECIBIDA EN SOCKET -1
[INFO] 16:56:25:935 PLANNER/(5303:5303): SERVIDOR INICIADO
[INFO] 16:56:25:952 PLANNER/(5303:5303): SERVIDOR ESCUCHANDO 8000
[INFO] 16:56:39:120 PLANNER/(5303:5308): CONEXION RECIBIDA EN SOCKET -1
[ERROR] 19:41:35:64 PLANNER/(12742:12742): ERROR AL INICIAR EL SERVIDOR
[INFO] 19:43:33:934 PLANNER/(12890:12890): SERVIDOR INICIADO
[INFO] 19:43:33:935 PLANNER/(12890:12890): SERVIDOR ESCUCHANDO 8001
[INFO] 19:43:33:936 PLANNER/(12890:12890):  CONECTADO EN: 5
[INFO] 19:43:47:759 PLANNER/(12890:12890): COORDINADOR: RECIBI EL MESAJE ENVIADO
[INFO] 23:41:20:66 PLANNER/(5043:5043): SERVIDOR INICIADO
[INFO] 23:41:20:79 PLANNER/(5043:5043): SERVIDOR ESCUCHANDO 8001
[INFO] 23:41:20:79 PLANNER/(5043:5043):  CONECTADO EN: 5
[INFO] 23:43:34:218 PLANNER/(5142:5142): SERVIDOR INICIADO
[INFO] 23:43:34:223 PLANNER/(5142:5142): SERVIDOR ESCUCHANDO 8001
[INFO] 23:43:34:224 PLANNER/(5142:5142):  CONECTADO EN: 5
[INFO] 23:53:22:505 PLANNER/(5522:5522): SERVIDOR INICIADO
[INFO] 23:53:22:506 PLANNER/(5522:5522): SERVIDOR ESCUCHANDO 8001
[INFO] 23:53:22:508 PLANNER/(5522:5522):  CONECTADO EN: 5
[INFO] 23:58:00:406 PLANNER/(5620:5620): SERVIDOR INICIADO
[INFO] 23:58:00:424 PLANNER/(5620:5620): SERVIDOR ESCUCHANDO 8001
[INFO] 23:58:00:424 PLANNER/(5620:5620):  CONECTADO EN: 5
[INFO] 00:05:54:52 PLANNER/(5713:5713): SERVIDOR INICIADO
[INFO] 00:05:54:56 PLANNER/(5713:5713): SERVIDOR ESCUCHANDO 8001
[INFO] 00:05:54:56 PLANNER/(5713:5713):  CONECTADO EN: 5
[INFO] 00:13:56:721 PLANNER/(5794:5794): SERVIDOR INICIADO
[INFO] 00:13:56:722 PLANNER/(5794:5794): SERVIDOR ESCUCHANDO 8001
[ERROR] 00:13:56:722 PLANNER/(5794:5794):  ERROR AL CONECTAR CON EL COORDINADOR
[INFO] 00:14:25:165 PLANNER/(5829:5829): SERVIDOR INICIADO
[INFO] 00:14:25:166 PLANNER/(5829:5829): SERVIDOR ESCUCHANDO 8001
[INFO] 00:14:25:166 PLANNER/(5829:5829):  CONECTADO EN: 5
[INFO] 00:19:01:238 PLANNER/(6124:6124): SERVIDOR INICIADO
[INFO] 00:19:01:239 PLANNER/(6124:6124): SERVIDOR ESCUCHANDO 8001
[INFO] 00:19:01:239 PLANNER/(6124:6124):  CONECTADO EN: 5
[INFO] 19:45:20:617 PLANNER/(3655:3655): SERVIDOR INICIADO
[INFO] 19:45:20:617 PLANNER/(3655:3655): SERVIDOR ESCUCHANDO 8001
[INFO] 19:45:20:618 PLANNER/(3655:3655):  CONECTADO EN: 5
[INFO] 19:49:54:765 PLANNER/(3816:3816): SERVIDOR INICIADO
[INFO] 19:49:54:766 PLANNER/(3816:3816): SERVIDOR ESCUCHANDO 8001
[INFO] 19:49:54:766 PLANNER/(3816:3816):  CONECTADO EN: 5
[INFO] 19:49:54:766 PLANNER/(3816:3816): Envío saludo al coordinador
[ERROR] 19:49:54:994 PLANNER/(3816:3816): Error al recibir el MessageHeader

[INFO] 19:56:38:766 PLANNER/(4054:4054): SERVIDOR INICIADO
[INFO] 19:56:38:766 PLANNER/(4054:4054): SERVIDOR ESCUCHANDO 8001
[INFO] 19:56:38:769 PLANNER/(4054:4054):  CONECTADO EN: 5
[INFO] 19:56:38:770 PLANNER/(4054:4054): Envío saludo al coordinador
[ERROR] 19:56:39:62 PLANNER/(4054:4054): Error al recibir el MessageHeader

[INFO] 19:59:33:728 PLANNER/(4149:4149): SERVIDOR INICIADO
[INFO] 19:59:33:728 PLANNER/(4149:4149): SERVIDOR ESCUCHANDO 8001
[INFO] 19:59:33:731 PLANNER/(4149:4149):  CONECTADO EN: 5
[INFO] 19:59:33:731 PLANNER/(4149:4149): Envío saludo al coordinador
[ERROR] 19:59:34:20 PLANNER/(4149:4149): Error al recibir el MessageHeader

[INFO] 20:02:55:87 PLANNER/(4289:4289): SERVIDOR INICIADO
[INFO] 20:02:55:90 PLANNER/(4289:4289): SERVIDOR ESCUCHANDO 8001
[INFO] 20:02:55:93 PLANNER/(4289:4289):  CONECTADO EN: 5
[INFO] 20:02:55:94 PLANNER/(4289:4289): Envío saludo al coordinador
[ERROR] 20:02:55:346 PLANNER/(4289:4289): Error al recibir el MessageHeader

[INFO] 20:07:14:524 PLANNER/(4459:4459): SERVIDOR INICIADO
[INFO] 20:07:14:524 PLANNER/(4459:4459): SERVIDOR ESCUCHANDO 8001
[INFO] 20:07:14:524 PLANNER/(4459:4459):  CONECTADO EN: 5
[INFO] 20:07:14:524 PLANNER/(4459:4459): Envío saludo al coordinador
[ERROR] 20:07:14:701 PLANNER/(4459:4459): Error al recibir el MessageHeader

[INFO] 20:09:05:794 PLANNER/(4547:4547): SERVIDOR INICIADO
[INFO] 20:09:05:798 PLANNER/(4547:4547): SERVIDOR ESCUCHANDO 8001
[INFO] 20:09:05:798 PLANNER/(4547:4547):  CONECTADO EN: 5
[INFO] 20:09:05:798 PLANNER/(4547:4547): Envío saludo al coordinador
[ERROR] 20:09:06:58 PLANNER/(4547:4547): Error al recibir el MessageHeader

[INFO] 20:21:50:272 PLANNER/(4776:4776): SERVIDOR INICIADO
[INFO] 20:21:50:275 PLANNER/(4776:4776): SERVIDOR ESCUCHANDO 8001
[INFO] 20:21:50:276 PLANNER/(4776:4776):  CONECTADO EN: 5
[INFO] 20:21:50:277 PLANNER/(4776:4776): Envío saludo al coordinador
[INFO] 20:21:50:277 PLANNER/(4776:4776): El COORDINADOR me confirma que recibío los datos con éxito
[INFO] 20:23:57:106 PLANNER/(4939:4939): SERVIDOR INICIADO
[INFO] 20:23:57:113 PLANNER/(4939:4939): SERVIDOR ESCUCHANDO 8001
[INFO] 20:23:57:114 PLANNER/(4939:4939):  CONECTADO EN: 5
[INFO] 20:23:57:114 PLANNER/(4939:4939): Envío saludo al coordinador
[INFO] 20:23:57:114 PLANNER/(4939:4939): El COORDINADOR me confirma que recibío los datos con éxito
[INFO] 20:27:03:995 PLANNER/(5153:5153): SERVIDOR INICIADO
[INFO] 20:27:03:996 PLANNER/(5153:5153): SERVIDOR ESCUCHANDO 8001
[INFO] 20:27:04:6 PLANNER/(5153:5153):  CONECTADO EN: 5
[INFO] 20:27:04:7 PLANNER/(5153:5153): Envío saludo al coordinador
[INFO] 20:27:04:7 PLANNER/(5153:5153): El COORDINADOR me confirma que recibío los datos con éxito
[INFO] 15:26:15:696 PLANNER/(5235:5235): SERVIDOR INICIADO
[INFO] 15:26:15:700 PLANNER/(5235:5235): SERVIDOR ESCUCHANDO 8001
[INFO] 15:26:15:700 PLANNER/(5235:5235):  CONECTADO EN: 5
[INFO] 15:26:15:701 PLANNER/(5235:5235): Envío saludo al coordinador
[INFO] 15:26:15:702 PLANNER/(5235:5235): El COORDINADOR me confirma que recibío los datos con éxito
[INFO] 15:36:14:17 PLANNER/(5581:5581): SERVIDOR INICIADO
[INFO] 15:36:14:18 PLANNER/(5581:5581): SERVIDOR ESCUCHANDO 8001
[INFO] 15:36:14:18 PLANNER/(5581:5581):  CONECTADO EN: 5
[INFO] 15:36:14:18 PLANNER/(5581:5581): Envío saludo al coordinador
[INFO] 15:36:14:19 PLANNER/(5581:5581): El COORDINADOR me confirma que recibío los datos con éxito
[INFO] 15:38:59:219 PLANNER/(5856:5856): SERVIDOR INICIADO
[INFO] 15:38:59:221 PLANNER/(5856:5856): SERVIDOR ESCUCHANDO 8001
[INFO] 15:38:59:221 PLANNER/(5856:5856):  CONECTADO EN: 5
[INFO] 15:38:59:221 PLANNER/(5856:5856): Envío saludo al coordinador
[INFO] 15:38:59:222 PLANNER/(5856:5856): El COORDINADOR me confirma que recibío los datos con éxito
