[TRACE] 20:31:36:614 COORDINATOR/(9546:9551): [READY_FOR_CONNECTIONS]
[TRACE] 20:31:53:576 COORDINATOR/(9546:9551): [INCOMING_CONNECTION]
[TRACE] 20:31:53:582 COORDINATOR/(9546:9551): [NEW_INSTANCE]
[TRACE] 20:31:53:583 COORDINATOR/(9546:9551): [SAYS_NAME_IS][Instancia1]
[TRACE] 20:32:00:162 COORDINATOR/(9546:9551): [SOCKET_DISCONNECTED]
[TRACE] 20:33:35:54 COORDINATOR/(10013:10018): [READY_FOR_CONNECTIONS]
[TRACE] 20:33:38:518 COORDINATOR/(10013:10018): [INCOMING_CONNECTION]
[TRACE] 20:33:38:524 COORDINATOR/(10013:10018): [NEW_INSTANCE]
[TRACE] 20:33:38:524 COORDINATOR/(10013:10018): [SAYS_NAME_IS][Instancia1]
[TRACE] 20:33:43:724 COORDINATOR/(10013:10018): [INCOMING_CONNECTION]
[TRACE] 20:33:43:731 COORDINATOR/(10013:10018): [PLANNER_HANDSHAKE][SAVING_SOCKET]
[TRACE] 20:34:45:338 COORDINATOR/(10013:10018): [INCOMING_CONNECTION]
[TRACE] 20:34:45:339 COORDINATOR/(10013:10018): [NEW_ESI_CONNECTION]
[TRACE] 20:34:47:741 COORDINATOR/(10013:10018): [INCOMING_INSTRUCTION_FROM_ESI]
[TRACE] 20:34:47:779 COORDINATOR/(10013:10018): [ESI_ID][ESI_0]
[TRACE] 20:34:47:779 COORDINATOR/(10013:10018): [ASKING_FOR_PLANNER_PERMISSION]
[TRACE] 20:34:47:779 COORDINATOR/(10013:10018): [PERMISSION_GRANTED]
[TRACE] 20:34:47:779 COORDINATOR/(10013:10018): [OPERATION_SUCCESSFUL][INFORMING_PLANNER]
[TRACE] 20:34:47:779 COORDINATOR/(10013:10018): [NEW_RESOURCE_ALLOCATION][INFORMING_PLANNER]
[TRACE] 20:34:51:740 COORDINATOR/(10013:10018): [INCOMING_INSTRUCTION_FROM_ESI]
[TRACE] 20:34:51:741 COORDINATOR/(10013:10018): [ESI_ID][ESI_0]
[TRACE] 20:34:51:741 COORDINATOR/(10013:10018): [ASKING_FOR_PLANNER_PERMISSION]
[TRACE] 20:34:51:741 COORDINATOR/(10013:10018): [PERMISSION_GRANTED]
[TRACE] 20:34:51:741 COORDINATOR/(10013:10018): [INSTRUCTION_SENT_TO_INSTANCE][Instancia1]
[TRACE] 20:34:51:741 COORDINATOR/(10013:10018): [OPERATION_SUCCESSFUL][INFORMING_PLANNER]
[TRACE] 20:34:55:742 COORDINATOR/(10013:10018): [INCOMING_INSTRUCTION_FROM_ESI]
[TRACE] 20:34:55:742 COORDINATOR/(10013:10018): [ESI_ID][ESI_0]
[TRACE] 20:34:55:742 COORDINATOR/(10013:10018): [ASKING_FOR_PLANNER_PERMISSION]
[TRACE] 20:34:55:742 COORDINATOR/(10013:10018): [PERMISSION_GRANTED]
[TRACE] 20:34:55:742 COORDINATOR/(10013:10018): [INSTRUCTION_SENT_TO_INSTANCE][Instancia1]
[TRACE] 20:34:55:779 COORDINATOR/(10013:10018): [OPERATION_SUCCESSFUL][INFORMING_PLANNER]
[TRACE] 20:34:59:743 COORDINATOR/(10013:10018): [INCOMING_INSTRUCTION_FROM_ESI]
[TRACE] 20:34:59:743 COORDINATOR/(10013:10018): [ESI_ID][ESI_0]
[TRACE] 20:34:59:743 COORDINATOR/(10013:10018): [ASKING_FOR_PLANNER_PERMISSION]
[TRACE] 20:34:59:743 COORDINATOR/(10013:10018): [PERMISSION_GRANTED]
[TRACE] 20:34:59:743 COORDINATOR/(10013:10018): [INSTRUCTION_SENT_TO_INSTANCE][Instancia1]
[TRACE] 20:34:59:783 COORDINATOR/(10013:10018): [OPERATION_SUCCESSFUL][INFORMING_PLANNER]
[TRACE] 20:35:03:744 COORDINATOR/(10013:10018): [INCOMING_INSTRUCTION_FROM_ESI]
[TRACE] 20:35:03:744 COORDINATOR/(10013:10018): [ESI_ID][ESI_0]
[TRACE] 20:35:03:744 COORDINATOR/(10013:10018): [ASKING_FOR_PLANNER_PERMISSION]
[TRACE] 20:35:03:744 COORDINATOR/(10013:10018): [PERMISSION_GRANTED]
[TRACE] 20:35:03:744 COORDINATOR/(10013:10018): [INSTRUCTION_SENT_TO_INSTANCE][Instancia1]
[TRACE] 20:35:03:804 COORDINATOR/(10013:10018): [OPERATION_SUCCESSFUL][INFORMING_PLANNER]
[TRACE] 20:35:03:804 COORDINATOR/(10013:10018): [NEW_RESOURCE_ALLOCATION][INFORMING_PLANNER]
[TRACE] 20:35:13:997 COORDINATOR/(10013:10018): [SOCKET_DISCONNECTED]
