[TRACE] 20:34:45:341 ESI/(10247:10252): [SAYING_HI_TO_COORDINATOR]
[TRACE] 20:34:45:341 ESI/(10247:10252): [COORDINATOR_SAYS_HI]
[TRACE] 20:34:45:342 ESI/(10247:10252): [SAYING_HI_TO_PLANNER]
[TRACE] 20:34:45:342 ESI/(10247:10252): [PLANNER_SAYS_HI]
[TRACE] 20:34:45:342 ESI/(10247:10252): [REPORTING_AS_ESI_0]
[TRACE] 20:34:47:742 ESI/(10247:10252): [INSTRUCTION_SENT_TO_COORDINATOR]
[TRACE] 20:34:51:741 ESI/(10247:10252): [INSTRUCTION_SENT_TO_COORDINATOR]
[TRACE] 20:34:55:742 ESI/(10247:10252): [INSTRUCTION_SENT_TO_COORDINATOR]
[TRACE] 20:34:59:743 ESI/(10247:10252): [INSTRUCTION_SENT_TO_COORDINATOR]
[TRACE] 20:35:03:744 ESI/(10247:10252): [INSTRUCTION_SENT_TO_COORDINATOR]
[TRACE] 20:35:07:745 ESI/(10247:10252): [END_EXECUTION]
[TRACE] 20:20:50:337 ESI/(4180:4185): [SAYING_HI_TO_COORDINATOR]
[TRACE] 20:20:50:344 ESI/(4180:4185): [COORDINATOR_SAYS_HI]
[TRACE] 20:20:50:345 ESI/(4180:4185): [SAYING_HI_TO_PLANNER]
[TRACE] 20:20:50:345 ESI/(4180:4185): [PLANNER_SAYS_HI]
[TRACE] 20:20:50:345 ESI/(4180:4185): [REPORTING_AS_ESI_0]
[TRACE] 20:20:50:703 ESI/(4180:4185): [INSTRUCTION_SENT_TO_COORDINATOR]
[TRACE] 20:20:54:706 ESI/(4180:4185): [INSTRUCTION_SENT_TO_COORDINATOR]
[TRACE] 20:20:58:708 ESI/(4180:4185): [INSTRUCTION_SENT_TO_COORDINATOR]
[TRACE] 20:21:02:710 ESI/(4180:4185): [INSTRUCTION_SENT_TO_COORDINATOR]
[TRACE] 20:21:06:712 ESI/(4180:4185): [INSTRUCTION_SENT_TO_COORDINATOR]
[TRACE] 20:21:10:716 ESI/(4180:4185): [END_EXECUTION]
[TRACE] 20:22:06:102 ESI/(4263:4268): [SAYING_HI_TO_COORDINATOR]
[TRACE] 20:22:06:102 ESI/(4263:4268): [COORDINATOR_SAYS_HI]
[TRACE] 20:22:06:102 ESI/(4263:4268): [SAYING_HI_TO_PLANNER]
[TRACE] 20:22:06:102 ESI/(4263:4268): [PLANNER_SAYS_HI]
[TRACE] 20:22:06:102 ESI/(4263:4268): [REPORTING_AS_ESI_0]
[TRACE] 20:22:09:219 ESI/(4263:4268): [INSTRUCTION_SENT_TO_COORDINATOR]
[TRACE] 20:22:13:221 ESI/(4263:4268): [INSTRUCTION_SENT_TO_COORDINATOR]
[TRACE] 20:22:17:222 ESI/(4263:4268): [INSTRUCTION_SENT_TO_COORDINATOR]
[TRACE] 20:22:21:223 ESI/(4263:4268): [INSTRUCTION_SENT_TO_COORDINATOR]
[TRACE] 20:22:25:224 ESI/(4263:4268): [INSTRUCTION_SENT_TO_COORDINATOR]
[TRACE] 20:22:29:225 ESI/(4263:4268): [END_EXECUTION]
[TRACE] 20:28:48:527 ESI/(4357:4362): [SAYING_HI_TO_COORDINATOR]
[TRACE] 20:28:48:527 ESI/(4357:4362): [COORDINATOR_SAYS_HI]
[TRACE] 20:28:48:527 ESI/(4357:4362): [SAYING_HI_TO_PLANNER]
[TRACE] 20:28:48:527 ESI/(4357:4362): [PLANNER_SAYS_HI]
[TRACE] 20:28:48:527 ESI/(4357:4362): [REPORTING_AS_ESI_1]
[TRACE] 20:28:49:303 ESI/(4357:4362): [INSTRUCTION_SENT_TO_COORDINATOR]
[TRACE] 20:28:53:303 ESI/(4357:4362): [INSTRUCTION_SENT_TO_COORDINATOR]
[TRACE] 20:28:57:306 ESI/(4357:4362): [INSTRUCTION_SENT_TO_COORDINATOR]
[TRACE] 20:29:01:307 ESI/(4357:4362): [INSTRUCTION_SENT_TO_COORDINATOR]
[TRACE] 20:29:05:311 ESI/(4357:4362): [INSTRUCTION_SENT_TO_COORDINATOR]
[TRACE] 20:29:09:312 ESI/(4357:4362): [INSTRUCTION_SENT_TO_COORDINATOR]
[TRACE] 20:29:13:314 ESI/(4357:4362): [END_EXECUTION]
[TRACE] 20:30:09:350 ESI/(4443:4448): [SAYING_HI_TO_COORDINATOR]
[TRACE] 20:30:09:350 ESI/(4443:4448): [COORDINATOR_SAYS_HI]
[TRACE] 20:30:09:350 ESI/(4443:4448): [SAYING_HI_TO_PLANNER]
[TRACE] 20:30:09:351 ESI/(4443:4448): [PLANNER_SAYS_HI]
[TRACE] 20:30:09:351 ESI/(4443:4448): [REPORTING_AS_ESI_0]
[TRACE] 20:30:10:185 ESI/(4443:4448): [INSTRUCTION_SENT_TO_COORDINATOR]
[TRACE] 20:30:14:186 ESI/(4443:4448): [INSTRUCTION_SENT_TO_COORDINATOR]
[TRACE] 20:30:18:188 ESI/(4443:4448): [INSTRUCTION_SENT_TO_COORDINATOR]
[TRACE] 20:30:22:190 ESI/(4443:4448): [INSTRUCTION_SENT_TO_COORDINATOR]
[TRACE] 20:30:26:191 ESI/(4443:4448): [INSTRUCTION_SENT_TO_COORDINATOR]
[TRACE] 20:30:30:192 ESI/(4443:4448): [INSTRUCTION_SENT_TO_COORDINATOR]
[TRACE] 20:30:34:192 ESI/(4443:4448): [INSTRUCTION_SENT_TO_COORDINATOR]
[TRACE] 20:30:38:193 ESI/(4443:4448): [INSTRUCTION_SENT_TO_COORDINATOR]
[TRACE] 20:30:42:194 ESI/(4443:4448): [END_EXECUTION]
